             JOBID PARTITION     NAME     USER ST       TIME  NODES NODELIST(REASON) CPUS MIN_MEMORY NODELIST
          11297164  standard STR_sims  tlasisi  R       0:11      1 gl3239 36 4000M gl3239
[2024-07-28 14:33:10] Starting simulation setup and processing...
[2024-07-28 14:33:10] Loading allele frequencies data...
[2024-07-28 14:33:10] Loaded allele frequencies data in 0.0679999999999978 seconds.
[2024-07-28 14:33:10] Extracting unique loci...
[2024-07-28 14:33:10] Loading core loci data...
[2024-07-28 14:33:10] Loaded core loci data in 0.061000000000007 seconds.
[2024-07-28 14:33:10] Processing simulation setup...
Error in eval(bysub, x, parent.frame()) : object 'sim_id' not found
Calls: log_function_time ... log_function_time -> func -> [ -> [.data.table -> eval -> eval
In addition: There were 50 or more warnings (use warnings() to see the first 50)
Timing stopped at: 41.15 2.688 787.6
Execution halted
[main ad6a11d] Automated commit of new results Sun Jul 28 14:46:19 EDT 2024
 4 files changed, 139222 insertions(+)
 create mode 100644 output/simulation_11297164/sim_processed_genotypes.csv
 create mode 100644 slurm/STR_sims-v2-11297164.log
 create mode 100644 slurm/resource_usage_11297164.log
 create mode 100644 slurm/usage_11297164.log
To https://github.com/lasisilab/PODFRIDGE.git
   6ce749e..ad6a11d  main -> main
